<?xml version="1.0" encoding="UTF-8"?>
<!-- Generated by org.testng.reporters.JUnitXMLReporter -->
<testsuite ignored="1" hostname="DESKTOP-88V4A8K" failures="1" tests="1" name="Default test(failed)" time="0.044" errors="0" timestamp="2022-06-25T07:51:39 IST">
  <testcase classname="_22testngDummyCode.LearningAssertions" name="validateCheckBigger" time="0.012">
    <failure type="java.lang.AssertionError" message="The following asserts failed:
	expected [true] but found [false]">
      <![CDATA[java.lang.AssertionError: The following asserts failed:
expected [true] but found [false]
at _22testngDummyCode.LearningAssertions.validateCheckBigger(LearningAssertions.java:34)
at java.base/java.util.ArrayList.forEach(ArrayList.java:1511)
... Removed 27 stack frames]]>
    </failure>
  </testcase> <!-- validateCheckBigger -->
  <testcase classname="_22testngDummyCode.LearningAssertions" name="validateAddition" time="0.0">
    <ignored/>
  </testcase> <!-- validateAddition -->
</testsuite> <!-- Default test(failed) -->
